<?xml version="1.0" encoding="UTF-8"?>
<!-- Generated by org.testng.reporters.JUnitReportReporter -->
<testsuite hostname="DESKTOP-175N5CK" failures="0" tests="6" name="caal.CalcuTestng" time="26.746" errors="0" timestamp="2021-12-08T09:03:18 IST" skipped="0">
  <testcase classname="caal.CalcuTestng" name="Open" time="5.496"/>
  <system-out/>
  <testcase classname="caal.CalcuTestng" name="Geturl" time="2.075"/>
  <system-out/>
  <testcase classname="caal.CalcuTestng" name="Multiplication" time="4.523"/>
  <system-out/>
  <testcase classname="caal.CalcuTestng" name="Division" time="4.510"/>
  <system-out/>
  <testcase classname="caal.CalcuTestng" name="Addition" time="4.823"/>
  <system-out/>
  <testcase classname="caal.CalcuTestng" name="Subtraction" time="5.319"/>
  <system-out/>
</testsuite> <!-- caal.CalcuTestng -->
