<?xml version="1.0" encoding="UTF-8"?>
<!-- Generated by org.testng.reporters.JUnitReportReporter -->
<testsuite hostname="DESKTOP-175N5CK" failures="0" tests="6" name="caal.CalcuTestng" time="68.098" errors="0" timestamp="2021-12-08T00:50:10 IST" skipped="0">
  <testcase classname="caal.CalcuTestng" name="Open" time="45.214"/>
  <system-out/>
  <testcase classname="caal.CalcuTestng" name="Geturl" time="2.645"/>
  <system-out/>
  <testcase classname="caal.CalcuTestng" name="Multiplication" time="4.652"/>
  <system-out/>
  <testcase classname="caal.CalcuTestng" name="Division" time="4.558"/>
  <system-out/>
  <testcase classname="caal.CalcuTestng" name="Addition" time="4.998"/>
  <system-out/>
  <testcase classname="caal.CalcuTestng" name="Subtraction" time="6.031"/>
  <system-out/>
</testsuite> <!-- caal.CalcuTestng -->
